{"numTotalTestSuites":153,"numPassedTestSuites":153,"numFailedTestSuites":0,"numPendingTestSuites":0,"numTotalTests":227,"numPassedTests":227,"numFailedTests":0,"numPendingTests":0,"numTodoTests":0,"snapshot":{"added":0,"failure":false,"filesAdded":0,"filesRemoved":0,"filesRemovedList":[],"filesUnmatched":0,"filesUpdated":0,"matched":0,"total":0,"unchecked":0,"uncheckedKeysByFile":[],"unmatched":0,"updated":0,"didUpdate":false},"startTime":1780731768173,"success":true,"testResults":[{"assertionResults":[{"ancestorTitles":["Gregorian to Hijri Conversion"],"fullName":"Gregorian to Hijri Conversion should return a valid HijriDate object","status":"passed","title":"should return a valid HijriDate object","duration":5.680000000000064,"failureMessages":[],"meta":{},"tags":[]},{"ancestorTitles":["Gregorian to Hijri Conversion"],"fullName":"Gregorian to Hijri Conversion should return a year in the 1440-1460 range for 2020-2040 dates","status":"passed","title":"should return a year in the 1440-1460 range for 2020-2040 dates","duration":0.962400000000116,"failureMessages":[],"meta":{},"tags":[]},{"ancestorTitles":["Gregorian to Hijri Conversion"],"fullName":"Gregorian to Hijri Conversion should return month between 1 and 12","status":"passed","title":"should return month between 1 and 12","duration":0.4596000000001368,"failureMessages":[],"meta":{},"tags":[]},{"ancestorTitles":["Gregorian to Hijri Conversion"],"fullName":"Gregorian to Hijri Conversion should return day between 1 and 30","status":"passed","title":"should return day between 1 and 30","duration":0.41669999999999163,"failureMessages":[],"meta":{},"tags":[]},{"ancestorTitles":["Format Hijri Date"],"fullName":"Format Hijri Date should format in English by default","status":"passed","title":"should format in English by default","duration":0.5787000000000262,"failureMessages":[],"meta":{},"tags":[]},{"ancestorTitles":["Format Hijri Date"],"fullName":"Format Hijri Date should format in Arabic when locale is ar","status":"passed","title":"should format in Arabic when locale is ar","duration":0.35730000000012296,"failureMessages":[],"meta":{},"tags":[]},{"ancestorTitles":["Get Hijri Month Name"],"fullName":"Get Hijri Month Name should return Muharram for month 1","status":"passed","title":"should return Muharram for month 1","duration":0.5489999999999782,"failureMessages":[],"meta":{},"tags":[]},{"ancestorTitles":["Get Hijri Month Name"],"fullName":"Get Hijri Month Name should return Dhul-Hijjah for month 12","status":"passed","title":"should return Dhul-Hijjah for month 12","duration":0.19389999999998508,"failureMessages":[],"meta":{},"tags":[]},{"ancestorTitles":["Get Hijri Month Name"],"fullName":"Get Hijri Month Name should throw for invalid month number","status":"passed","title":"should throw for invalid month number","duration":1.5323000000000775,"failureMessages":[],"meta":{},"tags":[]},{"ancestorTitles":["Get Hijri Month Name"],"fullName":"Get Hijri Month Name should return Arabic name when locale is ar","status":"passed","title":"should return Arabic name when locale is ar","duration":0.40259999999989304,"failureMessages":[],"meta":{},"tags":[]},{"ancestorTitles":["Format Dual Calendar"],"fullName":"Format Dual Calendar should contain both Gregorian and Hijri dates","status":"passed","title":"should contain both Gregorian and Hijri dates","duration":25.899000000000115,"failureMessages":[],"meta":{},"tags":[]}],"startTime":1780731787525,"endTime":1780731787562.899,"status":"passed","message":"","name":"C:/Users/Salisco/OneDrive/Desktop/SalisAuto GMS/shared/hijriUtils.test.ts"},{"assertionResults":[{"ancestorTitles":["GOSI Calculations"],"fullName":"GOSI Calculations calculates Saudi employee contributions correctly","status":"passed","title":"calculates Saudi employee contributions correctly","duration":3.1673000000000684,"failureMessages":[],"meta":{},"tags":[]},{"ancestorTitles":["GOSI Calculations"],"fullName":"GOSI Calculations calculates non-Saudi employee contributions correctly","status":"passed","title":"calculates non-Saudi employee contributions correctly","duration":0.6517999999998665,"failureMessages":[],"meta":{},"tags":[]},{"ancestorTitles":["End of Service Benefit"],"fullName":"End of Service Benefit calculates benefit for termination after 3 years","status":"passed","title":"calculates benefit for termination after 3 years","duration":2.0498000000000047,"failureMessages":[],"meta":{},"tags":[]},{"ancestorTitles":["End of Service Benefit"],"fullName":"End of Service Benefit gives 0% for resignation under 2 years","status":"passed","title":"gives 0% for resignation under 2 years","duration":0.4331999999999425,"failureMessages":[],"meta":{},"tags":[]},{"ancestorTitles":["Vacation Balance"],"fullName":"Vacation Balance gives 21 days for under 5 years service","status":"passed","title":"gives 21 days for under 5 years service","duration":0.46620000000007167,"failureMessages":[],"meta":{},"tags":[]},{"ancestorTitles":["Vacation Balance"],"fullName":"Vacation Balance gives 30 days for over 5 years service","status":"passed","title":"gives 30 days for over 5 years service","duration":0.30310000000008586,"failureMessages":[],"meta":{},"tags":[]},{"ancestorTitles":["Nitaqat Compliance"],"fullName":"Nitaqat Compliance returns green band for 35% Saudization","status":"passed","title":"returns green band for 35% Saudization","duration":0.4211999999999989,"failureMessages":[],"meta":{},"tags":[]},{"ancestorTitles":["Nitaqat Compliance"],"fullName":"Nitaqat Compliance returns red band for 10% Saudization","status":"passed","title":"returns red band for 10% Saudization","duration":0.31730000000015934,"failureMessages":[],"meta":{},"tags":[]}],"startTime":1780731787598,"endTime":1780731787607.3174,"status":"passed","message":"","name":"C:/Users/Salisco/OneDrive/Desktop/SalisAuto GMS/shared/saudi-compliance.test.ts"},{"assertionResults":[{"ancestorTitles":["VAT Calculation Logic"],"fullName":"VAT Calculation Logic should calculate 15% VAT correctly for 100 SAR","status":"passed","title":"should calculate 15% VAT correctly for 100 SAR","duration":3.498399999999947,"failureMessages":[],"meta":{},"tags":[]},{"ancestorTitles":["VAT Calculation Logic"],"fullName":"VAT Calculation Logic should return 0 for 0 amount","status":"passed","title":"should return 0 for 0 amount","duration":1.0385999999998603,"failureMessages":[],"meta":{},"tags":[]},{"ancestorTitles":["VAT Calculation Logic"],"fullName":"VAT Calculation Logic should handle custom tax rates","status":"passed","title":"should handle custom tax rates","duration":0.6294000000000324,"failureMessages":[],"meta":{},"tags":[]}],"startTime":1780731787667,"endTime":1780731787672.6294,"status":"passed","message":"","name":"C:/Users/Salisco/OneDrive/Desktop/SalisAuto GMS/shared/vatUtils.test.ts"},{"assertionResults":[{"ancestorTitles":["Job Card State Machine"],"fullName":"Job Card State Machine allows valid transition: pending → assigned","status":"passed","title":"allows valid transition: pending → assigned","duration":3.1210000000000946,"failureMessages":[],"meta":{},"tags":[]},{"ancestorTitles":["Job Card State Machine"],"fullName":"Job Card State Machine does not allow direct transition: pending → completed","status":"passed","title":"does not allow direct transition: pending → completed","duration":0.6068000000000211,"failureMessages":[],"meta":{},"tags":[]},{"ancestorTitles":["Job Card State Machine"],"fullName":"Job Card State Machine getAvailableTransitions returns correct options for pending","status":"passed","title":"getAvailableTransitions returns correct options for pending","duration":1.7557999999999083,"failureMessages":[],"meta":{},"tags":[]},{"ancestorTitles":["Appointment State Machine"],"fullName":"Appointment State Machine allows confirmed → checked_in","status":"passed","title":"allows confirmed → checked_in","duration":0.44489999999996144,"failureMessages":[],"meta":{},"tags":[]},{"ancestorTitles":["Invoice State Machine"],"fullName":"Invoice State Machine allows sent → paid","status":"passed","title":"allows sent → paid","duration":0.35770000000002256,"failureMessages":[],"meta":{},"tags":[]}],"startTime":1780731787702,"endTime":1780731787709.4448,"status":"passed","message":"","name":"C:/Users/Salisco/OneDrive/Desktop/SalisAuto GMS/shared/workflow-engine.test.ts"},{"assertionResults":[{"ancestorTitles":["ZATCA QR Code Generation"],"fullName":"ZATCA QR Code Generation should generate a valid base64 string","status":"passed","title":"should generate a valid base64 string","duration":3.850099999999884,"failureMessages":[],"meta":{},"tags":[]},{"ancestorTitles":["ZATCA QR Code Generation"],"fullName":"ZATCA QR Code Generation should be decodable back to original data","status":"passed","title":"should be decodable back to original data","duration":0.937900000000127,"failureMessages":[],"meta":{},"tags":[]},{"ancestorTitles":["ZATCA QR Code Generation"],"fullName":"ZATCA QR Code Generation should handle zero amounts","status":"passed","title":"should handle zero amounts","duration":0.4468000000001666,"failureMessages":[],"meta":{},"tags":[]},{"ancestorTitles":["ZATCA Compliance Validation"],"fullName":"ZATCA Compliance Validation should pass with valid data","status":"passed","title":"should pass with valid data","duration":1.5471999999999753,"failureMessages":[],"meta":{},"tags":[]},{"ancestorTitles":["ZATCA Compliance Validation"],"fullName":"ZATCA Compliance Validation should fail with missing seller name","status":"passed","title":"should fail with missing seller name","duration":0.5117999999999938,"failureMessages":[],"meta":{},"tags":[]},{"ancestorTitles":["ZATCA Compliance Validation"],"fullName":"ZATCA Compliance Validation should fail with invalid TRN (not 15 digits)","status":"passed","title":"should fail with invalid TRN (not 15 digits)","duration":0.3748000000000502,"failureMessages":[],"meta":{},"tags":[]},{"ancestorTitles":["ZATCA Compliance Validation"],"fullName":"ZATCA Compliance Validation should fail with zero total","status":"passed","title":"should fail with zero total","duration":0.27310000000011314,"failureMessages":[],"meta":{},"tags":[]}],"startTime":1780731787656,"endTime":1780731787664.5117,"status":"passed","message":"","name":"C:/Users/Salisco/OneDrive/Desktop/SalisAuto GMS/shared/zatcaUtils.test.ts"},{"assertionResults":[{"ancestorTitles":["Appointments - CRUD"],"fullName":"Appointments - CRUD GET /api/appointments returns array","status":"passed","title":"GET /api/appointments returns array","duration":25.19470000000001,"failureMessages":[],"meta":{},"tags":[]},{"ancestorTitles":["Appointments - CRUD"],"fullName":"Appointments - CRUD POST /api/appointments creates appointment","status":"passed","title":"POST /api/appointments creates appointment","duration":22.340799999999945,"failureMessages":[],"meta":{},"tags":[]},{"ancestorTitles":["Appointments - CRUD"],"fullName":"Appointments - CRUD GET /api/appointments/:id returns the appointment","status":"passed","title":"GET /api/appointments/:id returns the appointment","duration":16.759900000000016,"failureMessages":[],"meta":{},"tags":[]},{"ancestorTitles":["Appointments - CRUD"],"fullName":"Appointments - CRUD PATCH /api/appointments/:id updates appointment","status":"passed","title":"PATCH /api/appointments/:id updates appointment","duration":16.91229999999996,"failureMessages":[],"meta":{},"tags":[]},{"ancestorTitles":["Appointments - CRUD"],"fullName":"Appointments - CRUD DELETE /api/appointments/:id removes appointment","status":"passed","title":"DELETE /api/appointments/:id removes appointment","duration":60.84950000000026,"failureMessages":[],"meta":{},"tags":[]},{"ancestorTitles":["Appointments - Auth Guard"],"fullName":"Appointments - Auth Guard GET /api/appointments without auth returns 401","status":"passed","title":"GET /api/appointments without auth returns 401","duration":8.15099999999984,"failureMessages":[],"meta":{},"tags":[]}],"startTime":1780731790555,"endTime":1780731790706.151,"status":"passed","message":"","name":"C:/Users/Salisco/OneDrive/Desktop/SalisAuto GMS/server/__tests__/appointments.test.ts"},{"assertionResults":[{"ancestorTitles":["Auth - Registration"],"fullName":"Auth - Registration POST /api/register with valid data returns user","status":"passed","title":"POST /api/register with valid data returns user","duration":562.0396000000001,"failureMessages":[],"meta":{},"tags":[]},{"ancestorTitles":["Auth - Registration"],"fullName":"Auth - Registration POST /api/register with duplicate email returns 400","status":"passed","title":"POST /api/register with duplicate email returns 400","duration":10.17489999999998,"failureMessages":[],"meta":{},"tags":[]},{"ancestorTitles":["Auth - Registration"],"fullName":"Auth - Registration POST /api/register with missing fields returns 400","status":"passed","title":"POST /api/register with missing fields returns 400","duration":5.264400000000023,"failureMessages":[],"meta":{},"tags":[]},{"ancestorTitles":["Auth - Login"],"fullName":"Auth - Login POST /api/login with valid creds returns user + session","status":"passed","title":"POST /api/login with valid creds returns user + session","duration":88.16519999999946,"failureMessages":[],"meta":{},"tags":[]},{"ancestorTitles":["Auth - Login"],"fullName":"Auth - Login POST /api/login with wrong password returns 401","status":"passed","title":"POST /api/login with wrong password returns 401","duration":88.04949999999917,"failureMessages":[],"meta":{},"tags":[]},{"ancestorTitles":["Auth - Login"],"fullName":"Auth - Login POST /api/login with nonexistent user returns 401","status":"passed","title":"POST /api/login with nonexistent user returns 401","duration":7.547099999999773,"failureMessages":[],"meta":{},"tags":[]},{"ancestorTitles":["Auth - Session"],"fullName":"Auth - Session GET /api/user without session returns 401","status":"passed","title":"GET /api/user without session returns 401","duration":8.103399999999965,"failureMessages":[],"meta":{},"tags":[]},{"ancestorTitles":["Auth - Session"],"fullName":"Auth - Session GET /api/user with valid session returns user","status":"passed","title":"GET /api/user with valid session returns user","duration":132.3106000000007,"failureMessages":[],"meta":{},"tags":[]},{"ancestorTitles":["Auth - Logout"],"fullName":"Auth - Logout POST /api/logout destroys session","status":"passed","title":"POST /api/logout destroys session","duration":108.14260000000104,"failureMessages":[],"meta":{},"tags":[]},{"ancestorTitles":["Auth - Logout"],"fullName":"Auth - Logout GET /api/user after logout returns 401","status":"passed","title":"GET /api/user after logout returns 401","duration":124.31520000000091,"failureMessages":[],"meta":{},"tags":[]}],"startTime":1780731785000,"endTime":1780731786135.3152,"status":"passed","message":"","name":"C:/Users/Salisco/OneDrive/Desktop/SalisAuto GMS/server/__tests__/auth.test.ts"},{"assertionResults":[{"ancestorTitles":["Backup History (DB-backed)"],"fullName":"Backup History (DB-backed) POST /api/backup/create persists a backup and GET /list returns it","status":"passed","title":"POST /api/backup/create persists a backup and GET /list returns it","duration":153.78160000000025,"failureMessages":[],"meta":{},"tags":[]}],"startTime":1780731791699,"endTime":1780731791852.7815,"status":"passed","message":"","name":"C:/Users/Salisco/OneDrive/Desktop/SalisAuto GMS/server/__tests__/backup-history.test.ts"},{"assertionResults":[{"ancestorTitles":["Completed half-real endpoints — authenticated happy path"],"fullName":"Completed half-real endpoints — authenticated happy path GET /api/mobile-devices returns array scoped to caller's garage","status":"passed","title":"GET /api/mobile-devices returns array scoped to caller's garage","duration":28.876399999999194,"failureMessages":[],"meta":{},"tags":[]},{"ancestorTitles":["Completed half-real endpoints — authenticated happy path"],"fullName":"Completed half-real endpoints — authenticated happy path GET /api/smart-contracts returns array scoped to caller's garage","status":"passed","title":"GET /api/smart-contracts returns array scoped to caller's garage","duration":294.46200000000135,"failureMessages":[],"meta":{},"tags":[]},{"ancestorTitles":["Completed half-real endpoints — authenticated happy path"],"fullName":"Completed half-real endpoints — authenticated happy path GET /api/analytics/performance returns expected top-level shape","status":"passed","title":"GET /api/analytics/performance returns expected top-level shape","duration":138.6172000000006,"failureMessages":[],"meta":{},"tags":[]},{"ancestorTitles":["Completed half-real endpoints — authenticated happy path"],"fullName":"Completed half-real endpoints — authenticated happy path GET /api/productivity returns expected top-level shape","status":"passed","title":"GET /api/productivity returns expected top-level shape","duration":28.97700000000077,"failureMessages":[],"meta":{},"tags":[]},{"ancestorTitles":["Completed half-real endpoints — authenticated happy path"],"fullName":"Completed half-real endpoints — authenticated happy path GET /api/forecasting/demand returns weeklyForecast + partsDemand","status":"passed","title":"GET /api/forecasting/demand returns weeklyForecast + partsDemand","duration":50.507400000000416,"failureMessages":[],"meta":{},"tags":[]},{"ancestorTitles":["Completed half-real endpoints — authenticated happy path"],"fullName":"Completed half-real endpoints — authenticated happy path GET /api/ai/predictions?predictionType=demand returns typed series","status":"passed","title":"GET /api/ai/predictions?predictionType=demand returns typed series","duration":20.136199999999008,"failureMessages":[],"meta":{},"tags":[]},{"ancestorTitles":["Completed half-real endpoints — authenticated happy path"],"fullName":"Completed half-real endpoints — authenticated happy path GET /api/ai/accuracy returns overall + byCategory","status":"passed","title":"GET /api/ai/accuracy returns overall + byCategory","duration":19.018600000001243,"failureMessages":[],"meta":{},"tags":[]},{"ancestorTitles":["Completed half-real endpoints — authenticated happy path"],"fullName":"Completed half-real endpoints — authenticated happy path GET /api/diagnostics/obd/:vehicleId returns empty-state for an unknown vehicle","status":"passed","title":"GET /api/diagnostics/obd/:vehicleId returns empty-state for an unknown vehicle","duration":28.035600000001068,"failureMessages":[],"meta":{},"tags":[]},{"ancestorTitles":["Completed half-real endpoints — mutations are garage-scoped"],"fullName":"Completed half-real endpoints — mutations are garage-scoped POST /api/mobile-devices then GET shows the new device under the caller's garage only","status":"passed","title":"POST /api/mobile-devices then GET shows the new device under the caller's garage only","duration":57.68260000000009,"failureMessages":[],"meta":{},"tags":[]},{"ancestorTitles":["Completed half-real endpoints — mutations are garage-scoped"],"fullName":"Completed half-real endpoints — mutations are garage-scoped POST /api/diagnostics/obd/:vehicleId stamps the caller's garageId","status":"passed","title":"POST /api/diagnostics/obd/:vehicleId stamps the caller's garageId","duration":40.32810000000063,"failureMessages":[],"meta":{},"tags":[]}],"startTime":1780731786146,"endTime":1780731786854.3281,"status":"passed","message":"","name":"C:/Users/Salisco/OneDrive/Desktop/SalisAuto GMS/server/__tests__/completed-pages-authed.test.ts"},{"assertionResults":[{"ancestorTitles":["Currency Transactions (DB-backed)"],"fullName":"Currency Transactions (DB-backed) POST /api/currency/transactions creates and GET lists it","status":"passed","title":"POST /api/currency/transactions creates and GET lists it","duration":147.88350000000082,"failureMessages":[],"meta":{},"tags":[]},{"ancestorTitles":["Currency Transactions (DB-backed)"],"fullName":"Currency Transactions (DB-backed) POST /api/currency/transactions rejects unknown currency","status":"passed","title":"POST /api/currency/transactions rejects unknown currency","duration":6.305099999999584,"failureMessages":[],"meta":{},"tags":[]}],"startTime":1780731791564,"endTime":1780731791718.3052,"status":"passed","message":"","name":"C:/Users/Salisco/OneDrive/Desktop/SalisAuto GMS/server/__tests__/currency-transactions.test.ts"},{"assertionResults":[{"ancestorTitles":["Customers - CRUD"],"fullName":"Customers - CRUD GET /api/customers returns array","status":"passed","title":"GET /api/customers returns array","duration":33.95000000000073,"failureMessages":[],"meta":{},"tags":[]},{"ancestorTitles":["Customers - CRUD"],"fullName":"Customers - CRUD POST /api/customers creates new customer","status":"passed","title":"POST /api/customers creates new customer","duration":104.91589999999997,"failureMessages":[],"meta":{},"tags":[]},{"ancestorTitles":["Customers - CRUD"],"fullName":"Customers - CRUD GET /api/customers/:id returns the customer","status":"passed","title":"GET /api/customers/:id returns the customer","duration":16.8070000000007,"failureMessages":[],"meta":{},"tags":[]},{"ancestorTitles":["Customers - Related Data"],"fullName":"Customers - Related Data GET /api/customers/:id/vehicles returns array","status":"passed","title":"GET /api/customers/:id/vehicles returns array","duration":20.09480000000076,"failureMessages":[],"meta":{},"tags":[]},{"ancestorTitles":["Customers - Related Data"],"fullName":"Customers - Related Data GET /api/customers/:id/job-cards returns array","status":"passed","title":"GET /api/customers/:id/job-cards returns array","duration":51.13119999999981,"failureMessages":[],"meta":{},"tags":[]},{"ancestorTitles":["Customers - Related Data"],"fullName":"Customers - Related Data GET /api/customers/:id/invoices returns array","status":"passed","title":"GET /api/customers/:id/invoices returns array","duration":56.66320000000087,"failureMessages":[],"meta":{},"tags":[]},{"ancestorTitles":["Customers - Related Data"],"fullName":"Customers - Related Data GET /api/customers/:id/payments returns array","status":"passed","title":"GET /api/customers/:id/payments returns array","duration":18.053900000000795,"failureMessages":[],"meta":{},"tags":[]},{"ancestorTitles":["Customers - Notes"],"fullName":"Customers - Notes POST /api/customers/:id/notes adds a note","status":"passed","title":"POST /api/customers/:id/notes adds a note","duration":30.4887000000017,"failureMessages":[],"meta":{},"tags":[]},{"ancestorTitles":["Customers - Notes"],"fullName":"Customers - Notes GET /api/customers/:id/notes returns notes array","status":"passed","title":"GET /api/customers/:id/notes returns notes array","duration":16.474700000000666,"failureMessages":[],"meta":{},"tags":[]},{"ancestorTitles":["Customers - Auth Guard"],"fullName":"Customers - Auth Guard GET /api/customers without auth returns 401","status":"passed","title":"GET /api/customers without auth returns 401","duration":9.414400000001478,"failureMessages":[],"meta":{},"tags":[]}],"startTime":1780731785889,"endTime":1780731786248.4143,"status":"passed","message":"","name":"C:/Users/Salisco/OneDrive/Desktop/SalisAuto GMS/server/__tests__/customers.test.ts"},{"assertionResults":[{"ancestorTitles":["Document Library (DB-backed)"],"fullName":"Document Library (DB-backed) POST /api/documents creates and GET /api/documents lists it","status":"passed","title":"POST /api/documents creates and GET /api/documents lists it","duration":35.561900000000605,"failureMessages":[],"meta":{},"tags":[]},{"ancestorTitles":["Document Library (DB-backed)"],"fullName":"Document Library (DB-backed) POST /api/documents rejects bad category","status":"passed","title":"POST /api/documents rejects bad category","duration":9.294299999999566,"failureMessages":[],"meta":{},"tags":[]},{"ancestorTitles":["Document Library (DB-backed)"],"fullName":"Document Library (DB-backed) GET /api/documents/categories returns category list","status":"passed","title":"GET /api/documents/categories returns category list","duration":9.070700000000215,"failureMessages":[],"meta":{},"tags":[]}],"startTime":1780731791974,"endTime":1780731792028.0708,"status":"passed","message":"","name":"C:/Users/Salisco/OneDrive/Desktop/SalisAuto GMS/server/__tests__/documents-library.test.ts"},{"assertionResults":[{"ancestorTitles":["E2E Golden Path - Full Business Workflow"],"fullName":"E2E Golden Path - Full Business Workflow Step 1: Register a new garage admin","status":"passed","title":"Step 1: Register a new garage admin","duration":985.2019999999993,"failureMessages":[],"meta":{},"tags":[]},{"ancestorTitles":["E2E Golden Path - Full Business Workflow"],"fullName":"E2E Golden Path - Full Business Workflow Step 2: Create a customer","status":"passed","title":"Step 2: Create a customer","duration":113.6776000000009,"failureMessages":[],"meta":{},"tags":[]},{"ancestorTitles":["E2E Golden Path - Full Business Workflow"],"fullName":"E2E Golden Path - Full Business Workflow Step 3: Create a vehicle for the customer","status":"passed","title":"Step 3: Create a vehicle for the customer","duration":74.91380000000026,"failureMessages":[],"meta":{},"tags":[]},{"ancestorTitles":["E2E Golden Path - Full Business Workflow"],"fullName":"E2E Golden Path - Full Business Workflow Step 4: Create a job card (oil change + brake inspection)","status":"passed","title":"Step 4: Create a job card (oil change + brake inspection)","duration":32.57760000000053,"failureMessages":[],"meta":{},"tags":[]},{"ancestorTitles":["E2E Golden Path - Full Business Workflow"],"fullName":"E2E Golden Path - Full Business Workflow Step 5: Update job status to in_progress","status":"passed","title":"Step 5: Update job status to in_progress","duration":46.64919999999984,"failureMessages":[],"meta":{},"tags":[]},{"ancestorTitles":["E2E Golden Path - Full Business Workflow"],"fullName":"E2E Golden Path - Full Business Workflow Step 6: Complete the job","status":"passed","title":"Step 6: Complete the job","duration":29.402000000000044,"failureMessages":[],"meta":{},"tags":[]},{"ancestorTitles":["E2E Golden Path - Full Business Workflow"],"fullName":"E2E Golden Path - Full Business Workflow Step 7: Create an invoice","status":"passed","title":"Step 7: Create an invoice","duration":24.60609999999906,"failureMessages":[],"meta":{},"tags":[]},{"ancestorTitles":["E2E Golden Path - Full Business Workflow"],"fullName":"E2E Golden Path - Full Business Workflow Step 8: Record a payment","status":"passed","title":"Step 8: Record a payment","duration":35.085399999999936,"failureMessages":[],"meta":{},"tags":[]},{"ancestorTitles":["E2E Golden Path - Full Business Workflow"],"fullName":"E2E Golden Path - Full Business Workflow Step 9: Verify dashboard reports","status":"passed","title":"Step 9: Verify dashboard reports","duration":24.52809999999954,"failureMessages":[],"meta":{},"tags":[]}],"startTime":1780731784919,"endTime":1780731786286.528,"status":"passed","message":"","name":"C:/Users/Salisco/OneDrive/Desktop/SalisAuto GMS/server/__tests__/e2e-workflow.test.ts"},{"assertionResults":[{"ancestorTitles":["Estimates - CRUD"],"fullName":"Estimates - CRUD GET /api/estimates returns array","status":"passed","title":"GET /api/estimates returns array","duration":39.45459999999912,"failureMessages":[],"meta":{},"tags":[]},{"ancestorTitles":["Estimates - CRUD"],"fullName":"Estimates - CRUD POST /api/estimates/with-items creates estimate","status":"passed","title":"POST /api/estimates/with-items creates estimate","duration":44.482599999999366,"failureMessages":[],"meta":{},"tags":[]},{"ancestorTitles":["Estimates - CRUD"],"fullName":"Estimates - CRUD GET /api/estimates/:id returns the estimate","status":"passed","title":"GET /api/estimates/:id returns the estimate","duration":143.47760000000017,"failureMessages":[],"meta":{},"tags":[]},{"ancestorTitles":["Estimates - CRUD"],"fullName":"Estimates - CRUD PATCH /api/estimates/:id updates status","status":"passed","title":"PATCH /api/estimates/:id updates status","duration":31.639100000000326,"failureMessages":[],"meta":{},"tags":[]},{"ancestorTitles":["Estimates - CRUD"],"fullName":"Estimates - CRUD DELETE /api/estimates/:id removes estimate","status":"passed","title":"DELETE /api/estimates/:id removes estimate","duration":87.92979999999989,"failureMessages":[],"meta":{},"tags":[]},{"ancestorTitles":["Estimates - Auth Guard"],"fullName":"Estimates - Auth Guard GET /api/estimates without auth returns 401","status":"passed","title":"GET /api/estimates without auth returns 401","duration":11.51890000000094,"failureMessages":[],"meta":{},"tags":[]}],"startTime":1780731786082,"endTime":1780731786442.5188,"status":"passed","message":"","name":"C:/Users/Salisco/OneDrive/Desktop/SalisAuto GMS/server/__tests__/estimates.test.ts"},{"assertionResults":[{"ancestorTitles":["Fleet Accounts (DB-backed)"],"fullName":"Fleet Accounts (DB-backed) POST /api/fleet/accounts creates and GET lists it","status":"passed","title":"POST /api/fleet/accounts creates and GET lists it","duration":232.47789999999986,"failureMessages":[],"meta":{},"tags":[]},{"ancestorTitles":["Fleet Accounts (DB-backed)"],"fullName":"Fleet Accounts (DB-backed) POST /api/fleet/accounts rejects missing companyName","status":"passed","title":"POST /api/fleet/accounts rejects missing companyName","duration":6.593199999999342,"failureMessages":[],"meta":{},"tags":[]},{"ancestorTitles":["Fleet Accounts (DB-backed)"],"fullName":"Fleet Accounts (DB-backed) GET /api/fleet/vehicles returns array","status":"passed","title":"GET /api/fleet/vehicles returns array","duration":8.593499999999949,"failureMessages":[],"meta":{},"tags":[]}],"startTime":1780731791484,"endTime":1780731791732.5935,"status":"passed","message":"","name":"C:/Users/Salisco/OneDrive/Desktop/SalisAuto GMS/server/__tests__/fleet-accounts.test.ts"},{"assertionResults":[{"ancestorTitles":["Fleet - Groups"],"fullName":"Fleet - Groups GET /api/fleet/groups returns array","status":"passed","title":"GET /api/fleet/groups returns array","duration":27.733299999999872,"failureMessages":[],"meta":{},"tags":[]},{"ancestorTitles":["Fleet - Groups"],"fullName":"Fleet - Groups POST /api/fleet/groups creates group","status":"passed","title":"POST /api/fleet/groups creates group","duration":32.46740000000045,"failureMessages":[],"meta":{},"tags":[]},{"ancestorTitles":["Fleet - Vehicles"],"fullName":"Fleet - Vehicles GET /api/fleet/vehicles returns array","status":"passed","title":"GET /api/fleet/vehicles returns array","duration":137.42720000000008,"failureMessages":[],"meta":{},"tags":[]},{"ancestorTitles":["Fleet - Auth Guard"],"fullName":"Fleet - Auth Guard GET /api/fleet/groups without auth returns 401 or 404","status":"passed","title":"GET /api/fleet/groups without auth returns 401 or 404","duration":6.928100000000086,"failureMessages":[],"meta":{},"tags":[]}],"startTime":1780731791675,"endTime":1780731791880.928,"status":"passed","message":"","name":"C:/Users/Salisco/OneDrive/Desktop/SalisAuto GMS/server/__tests__/fleet.test.ts"},{"assertionResults":[{"ancestorTitles":["HR Leave Requests (DB-backed)"],"fullName":"HR Leave Requests (DB-backed) POST /api/hr/leave-requests creates an entry and GET lists it","status":"passed","title":"POST /api/hr/leave-requests creates an entry and GET lists it","duration":89.35609999999997,"failureMessages":[],"meta":{},"tags":[]},{"ancestorTitles":["HR Leave Requests (DB-backed)"],"fullName":"HR Leave Requests (DB-backed) POST without required fields returns 400","status":"passed","title":"POST without required fields returns 400","duration":10.92739999999958,"failureMessages":[],"meta":{},"tags":[]}],"startTime":1780731791955,"endTime":1780731792054.9275,"status":"passed","message":"","name":"C:/Users/Salisco/OneDrive/Desktop/SalisAuto GMS/server/__tests__/hr-leave-requests.test.ts"},{"assertionResults":[{"ancestorTitles":["Inventory - Spare Parts CRUD"],"fullName":"Inventory - Spare Parts CRUD GET /api/spare-parts returns array","status":"passed","title":"GET /api/spare-parts returns array","duration":29.907400000000052,"failureMessages":[],"meta":{},"tags":[]},{"ancestorTitles":["Inventory - Spare Parts CRUD"],"fullName":"Inventory - Spare Parts CRUD POST /api/spare-parts creates a part","status":"passed","title":"POST /api/spare-parts creates a part","duration":23.376900000001115,"failureMessages":[],"meta":{},"tags":[]},{"ancestorTitles":["Inventory - Spare Parts CRUD"],"fullName":"Inventory - Spare Parts CRUD GET /api/spare-parts/:id returns the part","status":"passed","title":"GET /api/spare-parts/:id returns the part","duration":17.008700000000317,"failureMessages":[],"meta":{},"tags":[]},{"ancestorTitles":["Inventory - Spare Parts CRUD"],"fullName":"Inventory - Spare Parts CRUD PATCH /api/spare-parts/:id updates the part","status":"passed","title":"PATCH /api/spare-parts/:id updates the part","duration":18.39009999999871,"failureMessages":[],"meta":{},"tags":[]},{"ancestorTitles":["Inventory - Stock Management"],"fullName":"Inventory - Stock Management GET /api/spare-part-inventories returns stock levels","status":"passed","title":"GET /api/spare-part-inventories returns stock levels","duration":22.65990000000056,"failureMessages":[],"meta":{},"tags":[]},{"ancestorTitles":["Inventory - Stock Management"],"fullName":"Inventory - Stock Management GET /api/stock-alerts returns low stock items","status":"passed","title":"GET /api/stock-alerts returns low stock items","duration":30.23869999999988,"failureMessages":[],"meta":{},"tags":[]},{"ancestorTitles":["Inventory - Reports"],"fullName":"Inventory - Reports GET /api/reports/inventory returns inventory report","status":"passed","title":"GET /api/reports/inventory returns inventory report","duration":128.7012999999988,"failureMessages":[],"meta":{},"tags":[]},{"ancestorTitles":["Inventory - Auth Guard"],"fullName":"Inventory - Auth Guard GET /api/spare-parts without auth returns 401","status":"passed","title":"GET /api/spare-parts without auth returns 401","duration":11.207300000000032,"failureMessages":[],"meta":{},"tags":[]}],"startTime":1780731785902,"endTime":1780731786184.2073,"status":"passed","message":"","name":"C:/Users/Salisco/OneDrive/Desktop/SalisAuto GMS/server/__tests__/inventory.test.ts"},{"assertionResults":[{"ancestorTitles":["Invoices - CRUD"],"fullName":"Invoices - CRUD GET /api/invoices returns array","status":"passed","title":"GET /api/invoices returns array","duration":51.6179000000011,"failureMessages":[],"meta":{},"tags":[]},{"ancestorTitles":["Invoices - CRUD"],"fullName":"Invoices - CRUD POST /api/invoices creates invoice","status":"passed","title":"POST /api/invoices creates invoice","duration":20.122400000000198,"failureMessages":[],"meta":{},"tags":[]},{"ancestorTitles":["Invoices - CRUD"],"fullName":"Invoices - CRUD GET /api/invoices/:id returns the invoice","status":"passed","title":"GET /api/invoices/:id returns the invoice","duration":18.697700000000623,"failureMessages":[],"meta":{},"tags":[]},{"ancestorTitles":["Invoices - CRUD"],"fullName":"Invoices - CRUD PATCH /api/invoices/:id updates status","status":"passed","title":"PATCH /api/invoices/:id updates status","duration":22.296299999999974,"failureMessages":[],"meta":{},"tags":[]},{"ancestorTitles":["Invoices - With Items"],"fullName":"Invoices - With Items POST /api/invoices/with-items creates invoice with line items","status":"passed","title":"POST /api/invoices/with-items creates invoice with line items","duration":37.11080000000038,"failureMessages":[],"meta":{},"tags":[]},{"ancestorTitles":["Invoices - With Items"],"fullName":"Invoices - With Items GET /api/invoices/:id/items returns line items","status":"passed","title":"GET /api/invoices/:id/items returns line items","duration":15.022999999999229,"failureMessages":[],"meta":{},"tags":[]},{"ancestorTitles":["Invoices - From Job Card"],"fullName":"Invoices - From Job Card POST /api/invoices/from-job/:jobId auto-generates invoice","status":"passed","title":"POST /api/invoices/from-job/:jobId auto-generates invoice","duration":103.69470000000001,"failureMessages":[],"meta":{},"tags":[]},{"ancestorTitles":["Invoices - Auth Guard"],"fullName":"Invoices - Auth Guard GET /api/invoices without auth returns 401","status":"passed","title":"GET /api/invoices without auth returns 401","duration":10.158699999999953,"failureMessages":[],"meta":{},"tags":[]}],"startTime":1780731786126,"endTime":1780731786405.1587,"status":"passed","message":"","name":"C:/Users/Salisco/OneDrive/Desktop/SalisAuto GMS/server/__tests__/invoices.test.ts"},{"assertionResults":[{"ancestorTitles":["Job Cards - CRUD"],"fullName":"Job Cards - CRUD GET /api/job-cards returns array","status":"passed","title":"GET /api/job-cards returns array","duration":191.2533000000003,"failureMessages":[],"meta":{},"tags":[]},{"ancestorTitles":["Job Cards - CRUD"],"fullName":"Job Cards - CRUD POST /api/job-cards creates new job card","status":"passed","title":"POST /api/job-cards creates new job card","duration":24.972199999998338,"failureMessages":[],"meta":{},"tags":[]},{"ancestorTitles":["Job Cards - CRUD"],"fullName":"Job Cards - CRUD GET /api/job-cards/:id returns the job card","status":"passed","title":"GET /api/job-cards/:id returns the job card","duration":17.70470000000023,"failureMessages":[],"meta":{},"tags":[]},{"ancestorTitles":["Job Cards - CRUD"],"fullName":"Job Cards - CRUD PATCH /api/job-cards/:id updates status","status":"passed","title":"PATCH /api/job-cards/:id updates status","duration":21.07720000000154,"failureMessages":[],"meta":{},"tags":[]},{"ancestorTitles":["Job Cards - CRUD"],"fullName":"Job Cards - CRUD GET /api/job-cards/:id/details returns full details","status":"passed","title":"GET /api/job-cards/:id/details returns full details","duration":33.5648999999994,"failureMessages":[],"meta":{},"tags":[]},{"ancestorTitles":["Job Cards - Parts"],"fullName":"Job Cards - Parts GET /api/job-cards/:id/parts returns parts array","status":"passed","title":"GET /api/job-cards/:id/parts returns parts array","duration":101.63410000000113,"failureMessages":[],"meta":{},"tags":[]},{"ancestorTitles":["Job Cards - Tasks"],"fullName":"Job Cards - Tasks POST /api/job-cards/:id/tasks assigns a task","status":"passed","title":"POST /api/job-cards/:id/tasks assigns a task","duration":31.221000000001368,"failureMessages":[],"meta":{},"tags":[]},{"ancestorTitles":["Job Cards - Tasks"],"fullName":"Job Cards - Tasks GET /api/job-cards/:id/tasks returns tasks array","status":"passed","title":"GET /api/job-cards/:id/tasks returns tasks array","duration":15.353499999999258,"failureMessages":[],"meta":{},"tags":[]},{"ancestorTitles":["Job Cards - Auth Guard"],"fullName":"Job Cards - Auth Guard GET /api/job-cards without auth returns 401","status":"passed","title":"GET /api/job-cards without auth returns 401","duration":9.908599999998842,"failureMessages":[],"meta":{},"tags":[]}],"startTime":1780731785928,"endTime":1780731786375.9087,"status":"passed","message":"","name":"C:/Users/Salisco/OneDrive/Desktop/SalisAuto GMS/server/__tests__/job-cards.test.ts"},{"assertionResults":[{"ancestorTitles":["Kiosk Queue (DB-backed)"],"fullName":"Kiosk Queue (DB-backed) POST /api/kiosk/walk-in creates and GET /api/kiosk/queue lists it","status":"passed","title":"POST /api/kiosk/walk-in creates and GET /api/kiosk/queue lists it","duration":159.23070000000007,"failureMessages":[],"meta":{},"tags":[]},{"ancestorTitles":["Kiosk Queue (DB-backed)"],"fullName":"Kiosk Queue (DB-backed) POST /api/kiosk/walk-in rejects missing fields","status":"passed","title":"POST /api/kiosk/walk-in rejects missing fields","duration":8.26969999999983,"failureMessages":[],"meta":{},"tags":[]},{"ancestorTitles":["Kiosk Queue (DB-backed)"],"fullName":"Kiosk Queue (DB-backed) GET /api/kiosk/services returns the service catalog","status":"passed","title":"GET /api/kiosk/services returns the service catalog","duration":6.2950999999993655,"failureMessages":[],"meta":{},"tags":[]}],"startTime":1780731791555,"endTime":1780731791728.2952,"status":"passed","message":"","name":"C:/Users/Salisco/OneDrive/Desktop/SalisAuto GMS/server/__tests__/kiosk-queue.test.ts"},{"assertionResults":[{"ancestorTitles":["Payments - CRUD"],"fullName":"Payments - CRUD GET /api/payments returns array","status":"passed","title":"GET /api/payments returns array","duration":43.43289999999979,"failureMessages":[],"meta":{},"tags":[]},{"ancestorTitles":["Payments - CRUD"],"fullName":"Payments - CRUD POST /api/payments records a payment","status":"passed","title":"POST /api/payments records a payment","duration":16.411599999999453,"failureMessages":[],"meta":{},"tags":[]},{"ancestorTitles":["Payments - CRUD"],"fullName":"Payments - CRUD POST /api/payments records a second payment (card)","status":"passed","title":"POST /api/payments records a second payment (card)","duration":13.911800000001676,"failureMessages":[],"meta":{},"tags":[]},{"ancestorTitles":["Payments - Auth Guard"],"fullName":"Payments - Auth Guard GET /api/payments without auth returns 401","status":"passed","title":"GET /api/payments without auth returns 401","duration":8.112100000000282,"failureMessages":[],"meta":{},"tags":[]}],"startTime":1780731786327,"endTime":1780731786410.112,"status":"passed","message":"","name":"C:/Users/Salisco/OneDrive/Desktop/SalisAuto GMS/server/__tests__/payments.test.ts"},{"assertionResults":[{"ancestorTitles":["Quality Control (DB-backed)"],"fullName":"Quality Control (DB-backed) POST /api/qc/inspections creates and GET lists it","status":"passed","title":"POST /api/qc/inspections creates and GET lists it","duration":32.052700000000186,"failureMessages":[],"meta":{},"tags":[]},{"ancestorTitles":["Quality Control (DB-backed)"],"fullName":"Quality Control (DB-backed) POST /api/qc/defects creates and GET lists it","status":"passed","title":"POST /api/qc/defects creates and GET lists it","duration":26.760400000000118,"failureMessages":[],"meta":{},"tags":[]},{"ancestorTitles":["Quality Control (DB-backed)"],"fullName":"Quality Control (DB-backed) POST /api/qc/inspections without required fields returns 400","status":"passed","title":"POST /api/qc/inspections without required fields returns 400","duration":10.492600000000493,"failureMessages":[],"meta":{},"tags":[]}],"startTime":1780731791885,"endTime":1780731791954.4927,"status":"passed","message":"","name":"C:/Users/Salisco/OneDrive/Desktop/SalisAuto GMS/server/__tests__/quality-control.test.ts"},{"assertionResults":[{"ancestorTitles":["Reports - Overview"],"fullName":"Reports - Overview GET /api/reports/overview returns object with stats","status":"passed","title":"GET /api/reports/overview returns object with stats","duration":142.87710000000152,"failureMessages":[],"meta":{},"tags":[]},{"ancestorTitles":["Reports - Revenue"],"fullName":"Reports - Revenue GET /api/reports/revenue returns object","status":"passed","title":"GET /api/reports/revenue returns object","duration":15.761599999999817,"failureMessages":[],"meta":{},"tags":[]},{"ancestorTitles":["Reports - Auth Guard"],"fullName":"Reports - Auth Guard GET /api/reports/overview without auth returns 401 or 404","status":"passed","title":"GET /api/reports/overview without auth returns 401 or 404","duration":13.584800000000541,"failureMessages":[],"meta":{},"tags":[]}],"startTime":1780731786077,"endTime":1780731786250.5847,"status":"passed","message":"","name":"C:/Users/Salisco/OneDrive/Desktop/SalisAuto GMS/server/__tests__/reports.test.ts"},{"assertionResults":[{"ancestorTitles":["Scheduling Optimization History (DB-backed)"],"fullName":"Scheduling Optimization History (DB-backed) POST /api/scheduling/optimize persists a run and GET /history returns it","status":"passed","title":"POST /api/scheduling/optimize persists a run and GET /history returns it","duration":30.98819999999978,"failureMessages":[],"meta":{},"tags":[]},{"ancestorTitles":["Scheduling Optimization History (DB-backed)"],"fullName":"Scheduling Optimization History (DB-backed) GET /api/scheduling/rules returns the rule catalog","status":"passed","title":"GET /api/scheduling/rules returns the rule catalog","duration":7.814100000000508,"failureMessages":[],"meta":{},"tags":[]}],"startTime":1780731791879,"endTime":1780731791917.8142,"status":"passed","message":"","name":"C:/Users/Salisco/OneDrive/Desktop/SalisAuto GMS/server/__tests__/scheduling-optimization.test.ts"},{"assertionResults":[{"ancestorTitles":["Settings - Feature Flags"],"fullName":"Settings - Feature Flags GET /api/feature-flags returns array","status":"passed","title":"GET /api/feature-flags returns array","duration":26.49880000000121,"failureMessages":[],"meta":{},"tags":[]},{"ancestorTitles":["Settings - CRUD"],"fullName":"Settings - CRUD GET /api/settings returns 200","status":"passed","title":"GET /api/settings returns 200","duration":14.12380000000121,"failureMessages":[],"meta":{},"tags":[]},{"ancestorTitles":["Settings - CRUD"],"fullName":"Settings - CRUD PATCH /api/settings updates a setting","status":"passed","title":"PATCH /api/settings updates a setting","duration":52.51299999999901,"failureMessages":[],"meta":{},"tags":[]},{"ancestorTitles":["Settings - Auth Guard"],"fullName":"Settings - Auth Guard GET /api/settings without auth returns 401 or 404","status":"passed","title":"GET /api/settings without auth returns 401 or 404","duration":6.278800000000047,"failureMessages":[],"meta":{},"tags":[]}],"startTime":1780731785781,"endTime":1780731785880.2788,"status":"passed","message":"","name":"C:/Users/Salisco/OneDrive/Desktop/SalisAuto GMS/server/__tests__/settings.test.ts"},{"assertionResults":[{"ancestorTitles":["Technicians - List"],"fullName":"Technicians - List GET /api/technicians returns array","status":"passed","title":"GET /api/technicians returns array","duration":19.9354000000003,"failureMessages":[],"meta":{},"tags":[]},{"ancestorTitles":["Technicians - Performance"],"fullName":"Technicians - Performance GET /api/technicians/performance returns data","status":"passed","title":"GET /api/technicians/performance returns data","duration":31.647399999999834,"failureMessages":[],"meta":{},"tags":[]},{"ancestorTitles":["Technicians - Auth Guard"],"fullName":"Technicians - Auth Guard GET /api/technicians without auth returns 401","status":"passed","title":"GET /api/technicians without auth returns 401","duration":7.841700000000856,"failureMessages":[],"meta":{},"tags":[]}],"startTime":1780731785723,"endTime":1780731785782.8418,"status":"passed","message":"","name":"C:/Users/Salisco/OneDrive/Desktop/SalisAuto GMS/server/__tests__/technicians.test.ts"},{"assertionResults":[{"ancestorTitles":["Vehicles - CRUD"],"fullName":"Vehicles - CRUD GET /api/vehicles returns array","status":"passed","title":"GET /api/vehicles returns array","duration":21.832300000000032,"failureMessages":[],"meta":{},"tags":[]},{"ancestorTitles":["Vehicles - CRUD"],"fullName":"Vehicles - CRUD POST /api/vehicles creates new vehicle","status":"passed","title":"POST /api/vehicles creates new vehicle","duration":33.30609999999979,"failureMessages":[],"meta":{},"tags":[]},{"ancestorTitles":["Vehicles - CRUD"],"fullName":"Vehicles - CRUD PATCH /api/vehicles/:id updates vehicle","status":"passed","title":"PATCH /api/vehicles/:id updates vehicle","duration":17.857700000000477,"failureMessages":[],"meta":{},"tags":[]},{"ancestorTitles":["Vehicles - Service History"],"fullName":"Vehicles - Service History GET /api/vehicles/:id/service-history returns array","status":"passed","title":"GET /api/vehicles/:id/service-history returns array","duration":18.80160000000069,"failureMessages":[],"meta":{},"tags":[]},{"ancestorTitles":["Vehicles - Service History"],"fullName":"Vehicles - Service History POST /api/vehicles/:id/service-history adds entry","status":"passed","title":"POST /api/vehicles/:id/service-history adds entry","duration":18.620499999999083,"failureMessages":[],"meta":{},"tags":[]},{"ancestorTitles":["Vehicles - Maintenance"],"fullName":"Vehicles - Maintenance GET /api/vehicles/:id/maintenance-schedules returns array","status":"passed","title":"GET /api/vehicles/:id/maintenance-schedules returns array","duration":19.752300000000105,"failureMessages":[],"meta":{},"tags":[]},{"ancestorTitles":["Vehicles - Maintenance"],"fullName":"Vehicles - Maintenance POST /api/vehicles/:id/maintenance-schedules creates schedule","status":"passed","title":"POST /api/vehicles/:id/maintenance-schedules creates schedule","duration":20.19789999999921,"failureMessages":[],"meta":{},"tags":[]},{"ancestorTitles":["Vehicles - Catalogs"],"fullName":"Vehicles - Catalogs GET /api/catalogs/vehicle-makes returns array","status":"passed","title":"GET /api/catalogs/vehicle-makes returns array","duration":293.1311999999998,"failureMessages":[],"meta":{},"tags":[]},{"ancestorTitles":["Vehicles - Auth Guard"],"fullName":"Vehicles - Auth Guard GET /api/vehicles without auth returns 401","status":"passed","title":"GET /api/vehicles without auth returns 401","duration":6.182799999998679,"failureMessages":[],"meta":{},"tags":[]}],"startTime":1780731786147,"endTime":1780731786598.1829,"status":"passed","message":"","name":"C:/Users/Salisco/OneDrive/Desktop/SalisAuto GMS/server/__tests__/vehicles.test.ts"},{"assertionResults":[{"ancestorTitles":["WebSocket - Chat Server"],"fullName":"WebSocket - Chat Server should accept WebSocket connections on /ws/chat","status":"passed","title":"should accept WebSocket connections on /ws/chat","duration":31.92749999999978,"failureMessages":[],"meta":{},"tags":[]},{"ancestorTitles":["WebSocket - Chat Server"],"fullName":"WebSocket - Chat Server should respond to ping messages with pong","status":"passed","title":"should respond to ping messages with pong","duration":12.728300000000672,"failureMessages":[],"meta":{},"tags":[]},{"ancestorTitles":["WebSocket - Chat Server"],"fullName":"WebSocket - Chat Server should reject typing indicator without auth","status":"passed","title":"should reject typing indicator without auth","duration":7.644400000000132,"failureMessages":[],"meta":{},"tags":[]},{"ancestorTitles":["WebSocket - Chat Server"],"fullName":"WebSocket - Chat Server should reject presence update without auth","status":"passed","title":"should reject presence update without auth","duration":9.905499999999847,"failureMessages":[],"meta":{},"tags":[]},{"ancestorTitles":["WebSocket - Chat Server"],"fullName":"WebSocket - Chat Server should handle invalid JSON gracefully","status":"passed","title":"should handle invalid JSON gracefully","duration":8.131100000000515,"failureMessages":[],"meta":{},"tags":[]},{"ancestorTitles":["WebSocket - Chat Server"],"fullName":"WebSocket - Chat Server should reject call-center join without auth","status":"passed","title":"should reject call-center join without auth","duration":12.11369999999988,"failureMessages":[],"meta":{},"tags":[]}],"startTime":1780731791471,"endTime":1780731791554.1138,"status":"passed","message":"","name":"C:/Users/Salisco/OneDrive/Desktop/SalisAuto GMS/server/__tests__/websocket.test.ts"},{"assertionResults":[{"ancestorTitles":["Audit Trail API","POST /api/audit/seed"],"fullName":"Audit Trail API POST /api/audit/seed should seed demo audit entries","status":"passed","title":"should seed demo audit entries","duration":114.4357,"failureMessages":[],"meta":{},"tags":[]},{"ancestorTitles":["Audit Trail API","GET /api/audit/log"],"fullName":"Audit Trail API GET /api/audit/log should return entries and total","status":"passed","title":"should return entries and total","duration":24.85490000000027,"failureMessages":[],"meta":{},"tags":[]},{"ancestorTitles":["Audit Trail API","GET /api/audit/log"],"fullName":"Audit Trail API GET /api/audit/log should support severity filter","status":"passed","title":"should support severity filter","duration":17.212600000000748,"failureMessages":[],"meta":{},"tags":[]},{"ancestorTitles":["Audit Trail API","GET /api/audit/log"],"fullName":"Audit Trail API GET /api/audit/log should support pagination","status":"passed","title":"should support pagination","duration":14.305500000000393,"failureMessages":[],"meta":{},"tags":[]},{"ancestorTitles":["Audit Trail API","GET /api/audit/stats"],"fullName":"Audit Trail API GET /api/audit/stats should return stats with severity counts","status":"passed","title":"should return stats with severity counts","duration":21.374299999999494,"failureMessages":[],"meta":{},"tags":[]}],"startTime":1780731785808,"endTime":1780731786001.3743,"status":"passed","message":"","name":"C:/Users/Salisco/OneDrive/Desktop/SalisAuto GMS/server/routes/__tests__/audit.test.ts"},{"assertionResults":[{"ancestorTitles":["Completed half-real page endpoints — auth gating"],"fullName":"Completed half-real page endpoints — auth gating GET /api/mobile-devices returns 401 when unauthenticated","status":"passed","title":"GET /api/mobile-devices returns 401 when unauthenticated","duration":40.61440000000039,"failureMessages":[],"meta":{},"tags":[]},{"ancestorTitles":["Completed half-real page endpoints — auth gating"],"fullName":"Completed half-real page endpoints — auth gating GET /api/smart-contracts returns 401 when unauthenticated","status":"passed","title":"GET /api/smart-contracts returns 401 when unauthenticated","duration":10.042900000000373,"failureMessages":[],"meta":{},"tags":[]},{"ancestorTitles":["Completed half-real page endpoints — auth gating"],"fullName":"Completed half-real page endpoints — auth gating GET /api/ai/predictions?timeRange=7d&predictionType=demand returns 401 when unauthenticated","status":"passed","title":"GET /api/ai/predictions?timeRange=7d&predictionType=demand returns 401 when unauthenticated","duration":10.026600000001054,"failureMessages":[],"meta":{},"tags":[]},{"ancestorTitles":["Completed half-real page endpoints — auth gating"],"fullName":"Completed half-real page endpoints — auth gating GET /api/ai/accuracy returns 401 when unauthenticated","status":"passed","title":"GET /api/ai/accuracy returns 401 when unauthenticated","duration":17.558199999999488,"failureMessages":[],"meta":{},"tags":[]},{"ancestorTitles":["Completed half-real page endpoints — auth gating"],"fullName":"Completed half-real page endpoints — auth gating GET /api/analytics/performance?timeRange=30d returns 401 when unauthenticated","status":"passed","title":"GET /api/analytics/performance?timeRange=30d returns 401 when unauthenticated","duration":8.062599999999293,"failureMessages":[],"meta":{},"tags":[]},{"ancestorTitles":["Completed half-real page endpoints — auth gating"],"fullName":"Completed half-real page endpoints — auth gating GET /api/forecasting/demand?period=30 returns 401 when unauthenticated","status":"passed","title":"GET /api/forecasting/demand?period=30 returns 401 when unauthenticated","duration":7.420200000000477,"failureMessages":[],"meta":{},"tags":[]},{"ancestorTitles":["Completed half-real page endpoints — auth gating"],"fullName":"Completed half-real page endpoints — auth gating GET /api/productivity?period=today returns 401 when unauthenticated","status":"passed","title":"GET /api/productivity?period=today returns 401 when unauthenticated","duration":16.99279999999999,"failureMessages":[],"meta":{},"tags":[]},{"ancestorTitles":["Completed half-real page endpoints — auth gating"],"fullName":"Completed half-real page endpoints — auth gating GET /api/diagnostics/obd/00000000-0000-0000-0000-000000000000 returns 401 when unauthenticated","status":"passed","title":"GET /api/diagnostics/obd/00000000-0000-0000-0000-000000000000 returns 401 when unauthenticated","duration":10.59519999999975,"failureMessages":[],"meta":{},"tags":[]},{"ancestorTitles":["Completed half-real page endpoints — auth gating"],"fullName":"Completed half-real page endpoints — auth gating POST /api/ai/repair-guide returns 401 when unauthenticated","status":"passed","title":"POST /api/ai/repair-guide returns 401 when unauthenticated","duration":61.14819999999963,"failureMessages":[],"meta":{},"tags":[]},{"ancestorTitles":["Completed half-real page endpoints — auth gating"],"fullName":"Completed half-real page endpoints — auth gating POST /api/mobile-devices returns 401 when unauthenticated","status":"passed","title":"POST /api/mobile-devices returns 401 when unauthenticated","duration":12.327499999999418,"failureMessages":[],"meta":{},"tags":[]},{"ancestorTitles":["Completed half-real page endpoints — auth gating"],"fullName":"Completed half-real page endpoints — auth gating POST /api/smart-contracts returns 401 when unauthenticated","status":"passed","title":"POST /api/smart-contracts returns 401 when unauthenticated","duration":6.259399999999005,"failureMessages":[],"meta":{},"tags":[]},{"ancestorTitles":["Completed half-real page endpoints — auth gating"],"fullName":"Completed half-real page endpoints — auth gating PATCH /api/smart-contracts/:id returns 401 when unauthenticated","status":"passed","title":"PATCH /api/smart-contracts/:id returns 401 when unauthenticated","duration":6.372300000000905,"failureMessages":[],"meta":{},"tags":[]},{"ancestorTitles":["Completed half-real page endpoints — auth gating"],"fullName":"Completed half-real page endpoints — auth gating DELETE /api/mobile-devices/:id returns 401 when unauthenticated","status":"passed","title":"DELETE /api/mobile-devices/:id returns 401 when unauthenticated","duration":5.921299999999974,"failureMessages":[],"meta":{},"tags":[]},{"ancestorTitles":["Completed half-real page endpoints — handler resilience"],"fullName":"Completed half-real page endpoints — handler resilience GET /api/ai/predictions accepts any timeRange string (graceful fallback)","status":"passed","title":"GET /api/ai/predictions accepts any timeRange string (graceful fallback)","duration":8.661799999999857,"failureMessages":[],"meta":{},"tags":[]},{"ancestorTitles":["Completed half-real page endpoints — handler resilience"],"fullName":"Completed half-real page endpoints — handler resilience GET /api/forecasting/demand clamps period to [7, 90]","status":"passed","title":"GET /api/forecasting/demand clamps period to [7, 90]","duration":5.371900000000096,"failureMessages":[],"meta":{},"tags":[]}],"startTime":1780731784915,"endTime":1780731785143.3718,"status":"passed","message":"","name":"C:/Users/Salisco/OneDrive/Desktop/SalisAuto GMS/server/routes/__tests__/completed-pages.test.ts"},{"assertionResults":[{"ancestorTitles":["Financial API Routes","GET /api/financial/general-ledger"],"fullName":"Financial API Routes GET /api/financial/general-ledger should return ledger entries array","status":"passed","title":"should return ledger entries array","duration":37.35750000000007,"failureMessages":[],"meta":{},"tags":[]},{"ancestorTitles":["Financial API Routes","GET /api/financial/general-ledger"],"fullName":"Financial API Routes GET /api/financial/general-ledger should include date, description, amount in each entry","status":"passed","title":"should include date, description, amount in each entry","duration":15.624400000000605,"failureMessages":[],"meta":{},"tags":[]},{"ancestorTitles":["Financial API Routes","GET /api/financial/balance-sheet"],"fullName":"Financial API Routes GET /api/financial/balance-sheet should return assets, liabilities, and equity","status":"passed","title":"should return assets, liabilities, and equity","duration":13.804800000001705,"failureMessages":[],"meta":{},"tags":[]},{"ancestorTitles":["Financial API Routes","GET /api/financial/income-statement"],"fullName":"Financial API Routes GET /api/financial/income-statement should return revenue and expenses","status":"passed","title":"should return revenue and expenses","duration":14.986799999998766,"failureMessages":[],"meta":{},"tags":[]},{"ancestorTitles":["Financial API Routes","GET /api/financial/accounts-receivable"],"fullName":"Financial API Routes GET /api/financial/accounts-receivable should return invoices array","status":"passed","title":"should return invoices array","duration":14.322799999999916,"failureMessages":[],"meta":{},"tags":[]},{"ancestorTitles":["Financial API Routes","GET /api/financial/accounts-payable"],"fullName":"Financial API Routes GET /api/financial/accounts-payable should return purchaseOrders array","status":"passed","title":"should return purchaseOrders array","duration":18.900299999999334,"failureMessages":[],"meta":{},"tags":[]},{"ancestorTitles":["Financial API Routes","GET /api/financial/trial-balance"],"fullName":"Financial API Routes GET /api/financial/trial-balance should return totalDebits and totalCredits","status":"passed","title":"should return totalDebits and totalCredits","duration":14.353100000000268,"failureMessages":[],"meta":{},"tags":[]},{"ancestorTitles":["Financial API Routes","GET /api/financial/cash-flow"],"fullName":"Financial API Routes GET /api/financial/cash-flow should return inflows and outflows","status":"passed","title":"should return inflows and outflows","duration":14.992700000000696,"failureMessages":[],"meta":{},"tags":[]}],"startTime":1780731785898,"endTime":1780731786043.9927,"status":"passed","message":"","name":"C:/Users/Salisco/OneDrive/Desktop/SalisAuto GMS/server/routes/__tests__/financial.test.ts"},{"assertionResults":[{"ancestorTitles":["Notification API","GET /api/notifications"],"fullName":"Notification API GET /api/notifications should return notifications (array or {notifications, unreadCount})","status":"passed","title":"should return notifications (array or {notifications, unreadCount})","duration":25.97819999999956,"failureMessages":[],"meta":{},"tags":[]},{"ancestorTitles":["Notification API","GET /api/notifications/unread-count"],"fullName":"Notification API GET /api/notifications/unread-count should return count number","status":"passed","title":"should return count number","duration":15.997699999999895,"failureMessages":[],"meta":{},"tags":[]},{"ancestorTitles":["Notification API","POST /api/notifications/seed"],"fullName":"Notification API POST /api/notifications/seed should create demo notifications","status":"passed","title":"should create demo notifications","duration":25.410600000001068,"failureMessages":[],"meta":{},"tags":[]},{"ancestorTitles":["Notification API","POST /api/notifications/read-all"],"fullName":"Notification API POST /api/notifications/read-all should mark all as read","status":"passed","title":"should mark all as read","duration":23.09859999999935,"failureMessages":[],"meta":{},"tags":[]},{"ancestorTitles":["Notification API","GET /api/notifications/preferences"],"fullName":"Notification API GET /api/notifications/preferences should return preferences object","status":"passed","title":"should return preferences object","duration":26.756199999999808,"failureMessages":[],"meta":{},"tags":[]}],"startTime":1780731786038,"endTime":1780731786156.756,"status":"passed","message":"","name":"C:/Users/Salisco/OneDrive/Desktop/SalisAuto GMS/server/routes/__tests__/notifications.test.ts"},{"assertionResults":[{"ancestorTitles":["Reports API","GET /api/reports/summary"],"fullName":"Reports API GET /api/reports/summary should return executive summary metrics","status":"passed","title":"should return executive summary metrics","duration":21.169299999999566,"failureMessages":[],"meta":{},"tags":[]},{"ancestorTitles":["Reports API","GET /api/reports/revenue"],"fullName":"Reports API GET /api/reports/revenue should return revenue data array","status":"passed","title":"should return revenue data array","duration":76.20219999999972,"failureMessages":[],"meta":{},"tags":[]},{"ancestorTitles":["Reports API","GET /api/reports/revenue"],"fullName":"Reports API GET /api/reports/revenue should accept groupBy parameter","status":"passed","title":"should accept groupBy parameter","duration":58.18109999999979,"failureMessages":[],"meta":{},"tags":[]},{"ancestorTitles":["Reports API","GET /api/reports/technician-performance"],"fullName":"Reports API GET /api/reports/technician-performance should return performance data","status":"passed","title":"should return performance data","duration":47.86909999999989,"failureMessages":[],"meta":{},"tags":[]},{"ancestorTitles":["Reports API","GET /api/reports/inventory-turnover"],"fullName":"Reports API GET /api/reports/inventory-turnover should return inventory data","status":"passed","title":"should return inventory data","duration":47.509900000000016,"failureMessages":[],"meta":{},"tags":[]},{"ancestorTitles":["Reports API","GET /api/reports/customer-analytics"],"fullName":"Reports API GET /api/reports/customer-analytics should return customer data","status":"passed","title":"should return customer data","duration":46.16910000000007,"failureMessages":[],"meta":{},"tags":[]}],"startTime":1780731791928,"endTime":1780731792225.1692,"status":"passed","message":"","name":"C:/Users/Salisco/OneDrive/Desktop/SalisAuto GMS/server/routes/__tests__/reports.test.ts"},{"assertionResults":[{"ancestorTitles":["Saudi Compliance API","GET /api/saudi/dashboard"],"fullName":"Saudi Compliance API GET /api/saudi/dashboard should return compliance dashboard data","status":"passed","title":"should return compliance dashboard data","duration":36.03050000000076,"failureMessages":[],"meta":{},"tags":[]},{"ancestorTitles":["Saudi Compliance API","GET /api/saudi/hijri/today"],"fullName":"Saudi Compliance API GET /api/saudi/hijri/today should return current Hijri date","status":"passed","title":"should return current Hijri date","duration":20.441399999999703,"failureMessages":[],"meta":{},"tags":[]},{"ancestorTitles":["Saudi Compliance API","GET /api/saudi/vat/summary"],"fullName":"Saudi Compliance API GET /api/saudi/vat/summary should return VAT summary","status":"passed","title":"should return VAT summary","duration":15.825700000001234,"failureMessages":[],"meta":{},"tags":[]}],"startTime":1780731785734,"endTime":1780731785806.8257,"status":"passed","message":"","name":"C:/Users/Salisco/OneDrive/Desktop/SalisAuto GMS/server/routes/__tests__/saudi.test.ts"},{"assertionResults":[{"ancestorTitles":["Technician Mobile API","POST /api/technician/clock"],"fullName":"Technician Mobile API POST /api/technician/clock should reject missing technicianId","status":"passed","title":"should reject missing technicianId","duration":32.85939999999937,"failureMessages":[],"meta":{},"tags":[]},{"ancestorTitles":["Technician Mobile API","POST /api/technician/clock"],"fullName":"Technician Mobile API POST /api/technician/clock should reject invalid action","status":"passed","title":"should reject invalid action","duration":19.498100000000704,"failureMessages":[],"meta":{},"tags":[]},{"ancestorTitles":["Technician Mobile API","POST /api/technician/clock"],"fullName":"Technician Mobile API POST /api/technician/clock should accept valid clock-in","status":"passed","title":"should accept valid clock-in","duration":23.702100000000428,"failureMessages":[],"meta":{},"tags":[]},{"ancestorTitles":["Technician Mobile API","POST /api/technician/parts-request"],"fullName":"Technician Mobile API POST /api/technician/parts-request should reject missing required fields","status":"passed","title":"should reject missing required fields","duration":16.087499999999636,"failureMessages":[],"meta":{},"tags":[]},{"ancestorTitles":["Technician Mobile API","POST /api/technician/parts-request"],"fullName":"Technician Mobile API POST /api/technician/parts-request should reject negative quantity","status":"passed","title":"should reject negative quantity","duration":54.086599999998725,"failureMessages":[],"meta":{},"tags":[]},{"ancestorTitles":["Technician Mobile API","GET /api/technician/stats/:techId"],"fullName":"Technician Mobile API GET /api/technician/stats/:techId should return stats object","status":"passed","title":"should return stats object","duration":21.70260000000053,"failureMessages":[],"meta":{},"tags":[]}],"startTime":1780731785724,"endTime":1780731785892.7026,"status":"passed","message":"","name":"C:/Users/Salisco/OneDrive/Desktop/SalisAuto GMS/server/routes/__tests__/technician.test.ts"},{"assertionResults":[{"ancestorTitles":["Workflow API Routes","POST /api/job-cards/:id/transition"],"fullName":"Workflow API Routes POST /api/job-cards/:id/transition should reject missing targetStatus","status":"passed","title":"should reject missing targetStatus","duration":22.17830000000049,"failureMessages":[],"meta":{},"tags":[]},{"ancestorTitles":["Workflow API Routes","POST /api/job-cards/:id/transition"],"fullName":"Workflow API Routes POST /api/job-cards/:id/transition should reject invalid targetStatus value","status":"passed","title":"should reject invalid targetStatus value","duration":14.599899999999252,"failureMessages":[],"meta":{},"tags":[]},{"ancestorTitles":["Workflow API Routes","POST /api/appointments/:id/check-in"],"fullName":"Workflow API Routes POST /api/appointments/:id/check-in should accept valid check-in request","status":"passed","title":"should accept valid check-in request","duration":11.964199999999437,"failureMessages":[],"meta":{},"tags":[]}],"startTime":1780731791912,"endTime":1780731791960.964,"status":"passed","message":"","name":"C:/Users/Salisco/OneDrive/Desktop/SalisAuto GMS/server/routes/__tests__/workflow.test.ts"},{"assertionResults":[{"ancestorTitles":["Parts Recommendations API","POST /api/ai/parts-recommendations"],"fullName":"Parts Recommendations API POST /api/ai/parts-recommendations should return recommendations for oil change","status":"passed","title":"should return recommendations for oil change","duration":25.161000000000058,"failureMessages":[],"meta":{},"tags":[]},{"ancestorTitles":["Parts Recommendations API","POST /api/ai/parts-recommendations"],"fullName":"Parts Recommendations API POST /api/ai/parts-recommendations should return recommendations for brake service","status":"passed","title":"should return recommendations for brake service","duration":98.70579999999973,"failureMessages":[],"meta":{},"tags":[]},{"ancestorTitles":["Parts Recommendations API","POST /api/ai/parts-recommendations"],"fullName":"Parts Recommendations API POST /api/ai/parts-recommendations should include stock status in recommendations","status":"passed","title":"should include stock status in recommendations","duration":97.13570000000072,"failureMessages":[],"meta":{},"tags":[]},{"ancestorTitles":["Parts Recommendations API","GET /api/ai/parts-recommendations"],"fullName":"Parts Recommendations API GET /api/ai/parts-recommendations should accept query parameters","status":"passed","title":"should accept query parameters","duration":108.88810000000012,"failureMessages":[],"meta":{},"tags":[]}],"startTime":1780731786153,"endTime":1780731786483.8882,"status":"passed","message":"","name":"C:/Users/Salisco/OneDrive/Desktop/SalisAuto GMS/server/services/__tests__/parts-recommender.test.ts"},{"assertionResults":[{"ancestorTitles":["Predictive Maintenance API","GET /api/predictive-maintenance/predictions"],"fullName":"Predictive Maintenance API GET /api/predictive-maintenance/predictions should return predictions array","status":"passed","title":"should return predictions array","duration":21.030099999999948,"failureMessages":[],"meta":{},"tags":[]},{"ancestorTitles":["Predictive Maintenance API","GET /api/predictive-maintenance/stats"],"fullName":"Predictive Maintenance API GET /api/predictive-maintenance/stats should return maintenance stats","status":"passed","title":"should return maintenance stats","duration":179.92879999999968,"failureMessages":[],"meta":{},"tags":[]}],"startTime":1780731785885,"endTime":1780731786085.9287,"status":"passed","message":"","name":"C:/Users/Salisco/OneDrive/Desktop/SalisAuto GMS/server/services/__tests__/predictive-maintenance.test.ts"},{"assertionResults":[{"ancestorTitles":["Scheduling Optimizer"],"fullName":"Scheduling Optimizer should assign all jobs to available technicians","status":"passed","title":"should assign all jobs to available technicians","duration":3.804300000000012,"failureMessages":[],"meta":{},"tags":[]},{"ancestorTitles":["Scheduling Optimizer"],"fullName":"Scheduling Optimizer should not assign to unavailable technicians","status":"passed","title":"should not assign to unavailable technicians","duration":0.7397000000000844,"failureMessages":[],"meta":{},"tags":[]},{"ancestorTitles":["Scheduling Optimizer"],"fullName":"Scheduling Optimizer should process urgent jobs first","status":"passed","title":"should process urgent jobs first","duration":0.46280000000001564,"failureMessages":[],"meta":{},"tags":[]},{"ancestorTitles":["Scheduling Optimizer"],"fullName":"Scheduling Optimizer should prefer skill-matched technicians","status":"passed","title":"should prefer skill-matched technicians","duration":0.5289999999999964,"failureMessages":[],"meta":{},"tags":[]},{"ancestorTitles":["Scheduling Optimizer"],"fullName":"Scheduling Optimizer should include score and reasons","status":"passed","title":"should include score and reasons","duration":0.7716000000000349,"failureMessages":[],"meta":{},"tags":[]},{"ancestorTitles":["Scheduling Optimizer"],"fullName":"Scheduling Optimizer should generate valid report","status":"passed","title":"should generate valid report","duration":0.6485000000000127,"failureMessages":[],"meta":{},"tags":[]},{"ancestorTitles":["Scheduling Optimizer"],"fullName":"Scheduling Optimizer should handle empty jobs list","status":"passed","title":"should handle empty jobs list","duration":0.33400000000006,"failureMessages":[],"meta":{},"tags":[]},{"ancestorTitles":["Scheduling Optimizer"],"fullName":"Scheduling Optimizer should handle all technicians unavailable","status":"passed","title":"should handle all technicians unavailable","duration":0.3430999999998221,"failureMessages":[],"meta":{},"tags":[]}],"startTime":1780731787680,"endTime":1780731787687.343,"status":"passed","message":"","name":"C:/Users/Salisco/OneDrive/Desktop/SalisAuto GMS/server/services/__tests__/scheduling-optimizer.test.ts"}]}